TN:
SF:src/helpers/getColorIndex.ts
FN:3,getColorIndex
FNF:1
FNH:1
FNDA:6,getColorIndex
DA:1,1
DA:2,1
DA:3,1
DA:4,6
DA:5,6
DA:6,65
DA:7,65
DA:8,6
DA:9,6
LF:9
LH:9
BRDA:3,0,0,6
BRDA:5,1,0,65
BRF:2
BRH:2
end_of_record
TN:
SF:src/helpers/getInitials.ts
FN:1,getInitials
FNF:1
FNH:1
FNDA:8,getInitials
DA:1,8
DA:2,8
DA:3,5
DA:4,5
DA:5,5
DA:6,8
DA:7,5
DA:8,8
DA:9,2
DA:10,2
DA:11,3
DA:12,3
DA:13,3
LF:13
LH:13
BRDA:1,0,0,8
BRDA:2,1,0,3
BRDA:2,2,0,5
BRDA:6,3,0,0
BRDA:6,4,0,5
BRDA:8,5,0,2
BRDA:9,6,0,0
BRDA:9,7,0,0
BRDA:11,8,0,3
BRDA:12,9,0,6
BRDA:12,10,0,0
BRDA:12,11,0,0
BRF:12
BRH:7
end_of_record
TN:
SF:src/helpers/getUserColors.ts
FN:6,getUserColors
FNF:1
FNH:0
FNDA:0,getUserColors
DA:1,1
DA:2,1
DA:3,1
DA:4,1
DA:5,1
DA:6,1
DA:7,0
DA:8,0
DA:9,0
DA:10,0
DA:11,0
DA:12,0
DA:13,0
DA:14,0
DA:15,0
DA:16,0
DA:17,0
DA:18,0
DA:19,0
LF:19
LH:6
BRF:0
BRH:0
end_of_record
TN:
SF:src/helpers/index.ts
FN:1,get
FN:2,get
FN:3,get
FNF:3
FNH:2
FNDA:8,get
FNDA:6,get
FNDA:0,get
DA:1,1
DA:2,1
DA:3,1
LF:3
LH:3
BRDA:1,0,0,8
BRDA:2,1,0,6
BRF:2
BRH:2
end_of_record
TN:
SF:src/hooks/index.ts
FN:1,get
FNF:1
FNH:1
FNDA:12,get
DA:1,1
LF:1
LH:1
BRDA:1,0,0,12
BRF:1
BRH:1
end_of_record
TN:
SF:src/hooks/use-boolean.ts
FN:12,useBoolean
FNF:1
FNH:1
FNDA:12,useBoolean
DA:1,1
DA:2,1
DA:3,1
DA:4,1
DA:5,1
DA:6,1
DA:7,1
DA:8,1
DA:9,1
DA:10,1
DA:11,1
DA:12,12
DA:13,12
DA:14,12
DA:15,12
DA:16,1
DA:17,12
DA:18,12
DA:19,12
DA:20,1
DA:21,12
DA:22,12
DA:23,12
DA:24,2
DA:25,12
DA:26,12
DA:27,12
DA:28,12
DA:29,12
DA:30,12
DA:31,12
DA:32,12
DA:33,12
DA:34,12
LF:34
LH:34
BRDA:12,0,0,12
BRDA:15,1,0,1
BRDA:19,2,0,1
BRDA:23,3,0,2
BRDA:24,4,0,2
BRF:5
BRH:5
end_of_record
TN:
SF:src/utils/constants/bg-colors.ts
FNF:0
FNH:0
DA:1,1
DA:2,1
DA:3,1
DA:4,1
DA:5,1
DA:6,1
DA:7,1
DA:8,1
DA:9,1
DA:10,1
DA:11,1
DA:12,1
DA:13,1
DA:14,1
DA:15,1
DA:16,1
DA:17,1
DA:18,1
DA:19,1
DA:20,1
DA:21,1
DA:22,1
DA:23,1
LF:23
LH:23
BRF:0
BRH:0
end_of_record
TN:
SF:src/utils/constants/text-colors.ts
FNF:0
FNH:0
DA:1,1
DA:2,1
DA:3,1
DA:4,1
DA:5,1
DA:6,1
DA:7,1
DA:8,1
DA:9,1
DA:10,1
DA:11,1
DA:12,1
DA:13,1
DA:14,1
DA:15,1
DA:16,1
DA:17,1
DA:18,1
DA:19,1
DA:20,1
DA:21,1
DA:22,1
DA:23,1
LF:23
LH:23
BRF:0
BRH:0
end_of_record
